build/app/intermediates/manifest_merge_blame_file/release/manifest-merger-blame-release-report.txt
1<?xml version="1.0" encoding="utf-8"?>
2<manifest xmlns:android="http://schemas.android.com/apk/res/android"
3    package="com.alpha.sample"
4    android:versionCode="4001"
5    android:versionName="1.0.0" >
6
7    <uses-sdk
8        android:minSdkVersion="19"
8-->src\main\AndroidManifest.xml
9        android:targetSdkVersion="30" />
9-->src\main\AndroidManifest.xml
10
11    <!--
12         io.flutter.app.FlutterApplication is an android.app.Application that
13         calls FlutterMain.startInitialization(this); in its onCreate method.
14         In most cases you can leave this as-is, but you if you want to provide
15         additional functionality it is fine to subclass or reimplement
16         FlutterApplication and put your custom class here.
17    -->
18
19    <uses-permission android:name="android.permission.INTERNET" />
19-->src\main\AndroidManifest.xml:11:5-67
19-->src\main\AndroidManifest.xml:11:22-64
20    <uses-permission android:name="android.permission.RECEIVE_BOOT_COMPLETED" />
20-->src\main\AndroidManifest.xml:12:5-81
20-->src\main\AndroidManifest.xml:12:22-78
21    <uses-permission android:name="android.permission.VIBRATE" />
21-->src\main\AndroidManifest.xml:13:5-66
21-->src\main\AndroidManifest.xml:13:22-63
22    <uses-permission android:name="android.permission.WAKE_LOCK" />
22-->src\main\AndroidManifest.xml:14:5-68
22-->src\main\AndroidManifest.xml:14:22-65
23    <uses-permission android:name="android.permission.CAMERA" />
23-->src\main\AndroidManifest.xml:15:5-65
23-->src\main\AndroidManifest.xml:15:22-62
24    <uses-permission android:name="android.permission.WRITE_EXTERNAL_STORAGE" />
24-->src\main\AndroidManifest.xml:16:5-81
24-->src\main\AndroidManifest.xml:16:22-78
25    <uses-permission android:name="android.permission.READ_EXTERNAL_STORAGE" />
25-->src\main\AndroidManifest.xml:17:5-80
25-->src\main\AndroidManifest.xml:17:22-77
26    <uses-permission android:name="android.permission.REQUEST_INSTALL_PACKAGES" />
26-->src\main\AndroidManifest.xml:18:5-83
26-->src\main\AndroidManifest.xml:18:22-80
27    <uses-permission android:name="android.permission.ACCESS_FINE_LOCATION" />
27-->[:geolocator] AndroidManifest.xml:7:5-79
27-->[:geolocator] AndroidManifest.xml:7:22-76
28    <uses-permission android:name="android.permission.ACCESS_NETWORK_STATE" />
28-->[androidx.work:work-runtime:2.4.0] AndroidManifest.xml:26:5-79
28-->[androidx.work:work-runtime:2.4.0] AndroidManifest.xml:26:22-76
29    <uses-permission android:name="android.permission.FOREGROUND_SERVICE" />
29-->[androidx.work:work-runtime:2.4.0] AndroidManifest.xml:28:5-77
29-->[androidx.work:work-runtime:2.4.0] AndroidManifest.xml:28:22-74
30    <uses-permission android:name="android.permission.ACCESS_COARSE_LOCATION" />
30-->[:location] AndroidManifest.xml:7:5-81
30-->[:location] AndroidManifest.xml:7:22-78
31
32    <uses-feature android:name="android.hardware.camera" />
32-->[:flutter_barcode_scanner] AndroidManifest.xml:11:5-60
32-->[:flutter_barcode_scanner] AndroidManifest.xml:11:19-57
33
34    <uses-permission android:name="android.permission.FLASHLIGHT" />
34-->[:flutter_barcode_scanner] AndroidManifest.xml:13:5-69
34-->[:flutter_barcode_scanner] AndroidManifest.xml:13:22-66
35    <uses-permission android:name="android.permission.ACCESS_WIFI_STATE" />
35-->[:connectivity] AndroidManifest.xml:8:5-76
35-->[:connectivity] AndroidManifest.xml:8:22-73
36    <uses-permission android:name="com.google.android.finsky.permission.BIND_GET_INSTALL_REFERRER_SERVICE" /> <!-- Required by older versions of Google Play services to create IID tokens -->
36-->[com.google.android.gms:play-services-measurement:17.5.0] AndroidManifest.xml:26:5-110
36-->[com.google.android.gms:play-services-measurement:17.5.0] AndroidManifest.xml:26:22-107
37    <uses-permission android:name="com.google.android.c2dm.permission.RECEIVE" />
37-->[com.google.firebase:firebase-iid:20.2.3] AndroidManifest.xml:26:5-82
37-->[com.google.firebase:firebase-iid:20.2.3] AndroidManifest.xml:26:22-79
38
39    <uses-feature
39-->[com.google.android.gms:play-services-maps:17.0.0] AndroidManifest.xml:26:5-28:35
40        android:glEsVersion="0x00020000"
40-->[com.google.android.gms:play-services-maps:17.0.0] AndroidManifest.xml:27:9-41
41        android:required="true" />
41-->[com.google.android.gms:play-services-maps:17.0.0] AndroidManifest.xml:28:9-32
42
43    <uses-permission android:name="com.zing.zalo.permission.ACCESS_THIRD_PARTY_APP_AUTHORIZATION" />
43-->[com.zing.zalo.zalosdk:auth:2.5.1019] AndroidManifest.xml:12:5-101
43-->[com.zing.zalo.zalosdk:auth:2.5.1019] AndroidManifest.xml:12:22-98
44
45    <application
45-->src\main\AndroidManifest.xml:20:5-150:19
46        android:name="com.alpha.sample.Application"
46-->src\main\AndroidManifest.xml:21:9-36
47        android:appComponentFactory="androidx.core.app.CoreComponentFactory"
47-->[androidx.core:core:1.3.1] AndroidManifest.xml:24:18-86
48        android:icon="@mipmap/ic_launcher"
48-->src\main\AndroidManifest.xml:22:9-43
49        android:label="Alpha Sample"
49-->src\main\AndroidManifest.xml:23:9-37
50        android:largeHeap="true"
50-->[:flutter_barcode_scanner] AndroidManifest.xml:16:9-33
51        android:requestLegacyExternalStorage="true"
51-->src\main\AndroidManifest.xml:24:9-52
52        android:supportsRtl="true"
52-->[com.facebook.android:facebook-login:5.5.1] AndroidManifest.xml:28:18-44
53        android:theme="@style/Theme.AppCompat.NoActionBar" >
53-->[:flutter_barcode_scanner] AndroidManifest.xml:17:9-59
54
55        <!-- Update this value to your google maps api key. -->
56        <meta-data
56-->src\main\AndroidManifest.xml:27:9-29:71
57            android:name="com.google.android.geo.API_KEY"
57-->src\main\AndroidManifest.xml:28:13-58
58            android:value="AIzaSyBHwSceZWVDO_3B9WyycSlWKJ3adYeHI48" />
58-->src\main\AndroidManifest.xml:29:13-68
59
60        <activity
60-->src\main\AndroidManifest.xml:31:9-65:20
61            android:name="com.alpha.sample.MainActivity"
61-->src\main\AndroidManifest.xml:32:13-41
62            android:configChanges="orientation|keyboardHidden|keyboard|screenSize|smallestScreenSize|locale|layoutDirection|fontScale|screenLayout|density|uiMode"
62-->src\main\AndroidManifest.xml:33:13-163
63            android:hardwareAccelerated="true"
63-->src\main\AndroidManifest.xml:34:13-47
64            android:launchMode="singleTop"
64-->src\main\AndroidManifest.xml:35:13-43
65            android:theme="@style/LaunchTheme"
65-->src\main\AndroidManifest.xml:36:13-47
66            android:windowSoftInputMode="adjustResize" >
66-->src\main\AndroidManifest.xml:37:13-55
67
68            <!--
69                 Specifies an Android theme to apply to this Activity as soon as
70                 the Android process has started. This theme is visible to the user
71                 while the Flutter UI initializes. After that, this theme continues
72                 to determine the Window background behind the Flutter UI.
73            -->
74            <meta-data
74-->src\main\AndroidManifest.xml:43:13-45:57
75                android:name="io.flutter.embedding.android.NormalTheme"
75-->src\main\AndroidManifest.xml:44:17-72
76                android:resource="@style/NormalTheme" />
76-->src\main\AndroidManifest.xml:45:17-54
77            <!--
78                 Displays an Android View that continues showing the launch screen
79                 Drawable until Flutter paints its first frame, then this splash
80                 screen fades out. A splash screen is useful to avoid any visual
81                 gap between the end of Android's launch screen and the painting of
82                 Flutter's first frame.
83            -->
84            <meta-data
84-->src\main\AndroidManifest.xml:51:13-53:66
85                android:name="io.flutter.embedding.android.SplashScreenDrawable"
85-->src\main\AndroidManifest.xml:52:17-81
86                android:resource="@drawable/launch_background" />
86-->src\main\AndroidManifest.xml:53:17-63
87
88            <intent-filter>
88-->src\main\AndroidManifest.xml:55:13-58:29
89                <action android:name="android.intent.action.MAIN" />
89-->src\main\AndroidManifest.xml:56:17-69
89-->src\main\AndroidManifest.xml:56:25-66
90
91                <category android:name="android.intent.category.LAUNCHER" />
91-->src\main\AndroidManifest.xml:57:17-77
91-->src\main\AndroidManifest.xml:57:27-74
92            </intent-filter>
93            <intent-filter>
93-->src\main\AndroidManifest.xml:60:13-63:29
94                <action android:name="FLUTTER_NOTIFICATION_CLICK" />
94-->src\main\AndroidManifest.xml:61:17-69
94-->src\main\AndroidManifest.xml:61:25-66
95
96                <category android:name="android.intent.category.DEFAULT" />
96-->src\main\AndroidManifest.xml:62:17-76
96-->src\main\AndroidManifest.xml:62:27-73
97            </intent-filter>
98        </activity>
99
100        <!-- Schedule notification -->
101        <receiver android:name="com.dexterous.flutterlocalnotifications.ScheduledNotificationReceiver" />
101-->src\main\AndroidManifest.xml:68:9-106
101-->src\main\AndroidManifest.xml:68:19-103
102        <receiver android:name="com.dexterous.flutterlocalnotifications.ScheduledNotificationBootReceiver" >
102-->src\main\AndroidManifest.xml:70:9-77:20
102-->src\main\AndroidManifest.xml:70:19-107
103            <intent-filter>
103-->src\main\AndroidManifest.xml:72:13-75:29
104                <action android:name="android.intent.action.BOOT_COMPLETED" />
104-->src\main\AndroidManifest.xml:73:17-79
104-->src\main\AndroidManifest.xml:73:25-76
105                <action android:name="android.intent.action.MY_PACKAGE_REPLACED" />
105-->src\main\AndroidManifest.xml:74:17-84
105-->src\main\AndroidManifest.xml:74:25-81
106            </intent-filter>
107        </receiver>
108        <!-- Facebook Login configuration -->
109        <meta-data
109-->src\main\AndroidManifest.xml:79:9-81:55
110            android:name="com.facebook.sdk.ApplicationId"
110-->src\main\AndroidManifest.xml:80:13-58
111            android:value="@string/facebook_app_id" />
111-->src\main\AndroidManifest.xml:81:13-52
112
113        <activity
113-->src\main\AndroidManifest.xml:83:9-86:48
114            android:name="com.facebook.FacebookActivity"
114-->src\main\AndroidManifest.xml:84:13-57
115            android:configChanges="keyboard|keyboardHidden|screenLayout|screenSize|orientation"
115-->src\main\AndroidManifest.xml:85:13-96
116            android:label="@string/app_name"
116-->src\main\AndroidManifest.xml:86:13-45
117            android:theme="@style/com_facebook_activity_theme" />
117-->[com.facebook.android:facebook-common:5.5.1] AndroidManifest.xml:32:13-63
118        <activity
118-->src\main\AndroidManifest.xml:88:9-101:20
119            android:name="com.facebook.CustomTabActivity"
119-->src\main\AndroidManifest.xml:89:13-58
120            android:exported="true" >
120-->src\main\AndroidManifest.xml:90:13-36
121            <intent-filter>
121-->src\main\AndroidManifest.xml:92:13-99:29
122                <action android:name="android.intent.action.VIEW" />
122-->src\main\AndroidManifest.xml:93:17-69
122-->src\main\AndroidManifest.xml:93:25-66
123
124                <category android:name="android.intent.category.DEFAULT" />
124-->src\main\AndroidManifest.xml:62:17-76
124-->src\main\AndroidManifest.xml:62:27-73
125                <category android:name="android.intent.category.BROWSABLE" />
125-->src\main\AndroidManifest.xml:96:17-78
125-->src\main\AndroidManifest.xml:96:27-75
126
127                <data android:scheme="@string/fb_login_protocol_scheme" />
127-->src\main\AndroidManifest.xml:98:17-75
127-->src\main\AndroidManifest.xml:98:23-72
128            </intent-filter>
129        </activity>
130        <!-- Zalo Login configuration -->
131        <meta-data
131-->src\main\AndroidManifest.xml:103:9-105:45
132            android:name="com.zing.zalo.zalosdk.appID"
132-->src\main\AndroidManifest.xml:104:13-55
133            android:value="@string/appID" />
133-->src\main\AndroidManifest.xml:105:13-42
134
135        <activity android:name="com.zing.zalo.zalosdk.oauth.BrowserLoginActivity" >
135-->src\main\AndroidManifest.xml:106:9-114:20
135-->src\main\AndroidManifest.xml:107:13-76
136            <intent-filter>
136-->src\main\AndroidManifest.xml:108:13-113:29
137                <action android:name="android.intent.action.VIEW" />
137-->src\main\AndroidManifest.xml:93:17-69
137-->src\main\AndroidManifest.xml:93:25-66
138
139                <category android:name="android.intent.category.DEFAULT" />
139-->src\main\AndroidManifest.xml:62:17-76
139-->src\main\AndroidManifest.xml:62:27-73
140                <category android:name="android.intent.category.BROWSABLE" />
140-->src\main\AndroidManifest.xml:96:17-78
140-->src\main\AndroidManifest.xml:96:27-75
141
142                <data android:scheme="@string/zalosdk_login_protocol_schema" />
142-->src\main\AndroidManifest.xml:98:17-75
142-->src\main\AndroidManifest.xml:98:23-72
143            </intent-filter>
144        </activity>
145
146        <!--
147             Don't delete the meta-data below.
148             This is used by the Flutter tool to generate GeneratedPluginRegistrant.java
149        -->
150        <meta-data
150-->src\main\AndroidManifest.xml:118:9-120:33
151            android:name="flutterEmbedding"
151-->src\main\AndroidManifest.xml:119:13-44
152            android:value="2" />
152-->src\main\AndroidManifest.xml:120:13-30
153        <meta-data
153-->src\main\AndroidManifest.xml:122:9-124:60
154            android:name="com.google.firebase.messaging.default_notification_icon"
154-->src\main\AndroidManifest.xml:123:13-83
155            android:resource="@drawable/ic_notification" />
155-->src\main\AndroidManifest.xml:124:13-57
156        <meta-data
156-->src\main\AndroidManifest.xml:126:9-128:60
157            android:name="com.google.firebase.messaging.default_notification_color"
157-->src\main\AndroidManifest.xml:127:13-84
158            android:resource="@color/color_notification" />
158-->src\main\AndroidManifest.xml:128:13-57
159        <meta-data
159-->src\main\AndroidManifest.xml:130:9-132:71
160            android:name="com.google.firebase.messaging.default_notification_channel_id"
160-->src\main\AndroidManifest.xml:131:13-89
161            android:value="@string/default_notification_channel_id" />
161-->src\main\AndroidManifest.xml:132:13-68
162        <meta-data
162-->src\main\AndroidManifest.xml:134:9-136:70
163            android:name="com.google.android.gms.ads.APPLICATION_ID"
163-->src\main\AndroidManifest.xml:135:13-69
164            android:value="ca-app-pub-5259240708981569~6674730197" />
164-->src\main\AndroidManifest.xml:136:13-67
165
166        <provider
167            android:name="vn.hunghd.flutterdownloader.DownloadedFileProvider"
167-->src\main\AndroidManifest.xml:139:13-78
168            android:authorities="com.alpha.sample.flutter_downloader.provider"
168-->src\main\AndroidManifest.xml:140:13-79
169            android:exported="false"
169-->src\main\AndroidManifest.xml:141:13-37
170            android:grantUriPermissions="true" >
170-->src\main\AndroidManifest.xml:142:13-47
171            <meta-data
171-->src\main\AndroidManifest.xml:144:13-146:58
172                android:name="android.support.FILE_PROVIDER_PATHS"
172-->src\main\AndroidManifest.xml:145:17-67
173                android:resource="@xml/provider_paths" />
173-->src\main\AndroidManifest.xml:146:17-55
174        </provider>
175
176        <activity android:name="com.facebook.CustomTabMainActivity" />
176-->[com.facebook.android:facebook-common:5.5.1] AndroidManifest.xml:33:9-71
176-->[com.facebook.android:facebook-common:5.5.1] AndroidManifest.xml:33:19-68
177
178        <provider
178-->[androidx.work:work-runtime:2.4.0] AndroidManifest.xml:31:9-37:35
179            android:name="androidx.work.impl.WorkManagerInitializer"
179-->[androidx.work:work-runtime:2.4.0] AndroidManifest.xml:32:13-69
180            android:authorities="com.alpha.sample.workmanager-init"
180-->[androidx.work:work-runtime:2.4.0] AndroidManifest.xml:33:13-68
181            android:directBootAware="false"
181-->[androidx.work:work-runtime:2.4.0] AndroidManifest.xml:34:13-44
182            android:exported="false"
182-->[androidx.work:work-runtime:2.4.0] AndroidManifest.xml:35:13-37
183            android:multiprocess="true" />
183-->[androidx.work:work-runtime:2.4.0] AndroidManifest.xml:36:13-40
184
185        <service
185-->[androidx.work:work-runtime:2.4.0] AndroidManifest.xml:39:9-44:35
186            android:name="androidx.work.impl.background.systemalarm.SystemAlarmService"
186-->[androidx.work:work-runtime:2.4.0] AndroidManifest.xml:40:13-88
187            android:directBootAware="false"
187-->[androidx.work:work-runtime:2.4.0] AndroidManifest.xml:41:13-44
188            android:enabled="@bool/enable_system_alarm_service_default"
188-->[androidx.work:work-runtime:2.4.0] AndroidManifest.xml:42:13-72
189            android:exported="false" />
189-->[androidx.work:work-runtime:2.4.0] AndroidManifest.xml:43:13-37
190        <service
190-->[androidx.work:work-runtime:2.4.0] AndroidManifest.xml:45:9-51:35
191            android:name="androidx.work.impl.background.systemjob.SystemJobService"
191-->[androidx.work:work-runtime:2.4.0] AndroidManifest.xml:46:13-84
192            android:directBootAware="false"
192-->[androidx.work:work-runtime:2.4.0] AndroidManifest.xml:47:13-44
193            android:enabled="@bool/enable_system_job_service_default"
193-->[androidx.work:work-runtime:2.4.0] AndroidManifest.xml:48:13-70
194            android:exported="true"
194-->[androidx.work:work-runtime:2.4.0] AndroidManifest.xml:49:13-36
195            android:permission="android.permission.BIND_JOB_SERVICE" />
195-->[androidx.work:work-runtime:2.4.0] AndroidManifest.xml:50:13-69
196        <service
196-->[androidx.work:work-runtime:2.4.0] AndroidManifest.xml:52:9-57:35
197            android:name="androidx.work.impl.foreground.SystemForegroundService"
197-->[androidx.work:work-runtime:2.4.0] AndroidManifest.xml:53:13-81
198            android:directBootAware="false"
198-->[androidx.work:work-runtime:2.4.0] AndroidManifest.xml:54:13-44
199            android:enabled="@bool/enable_system_foreground_service_default"
199-->[androidx.work:work-runtime:2.4.0] AndroidManifest.xml:55:13-77
200            android:exported="false" />
200-->[androidx.work:work-runtime:2.4.0] AndroidManifest.xml:56:13-37
201
202        <receiver
202-->[androidx.work:work-runtime:2.4.0] AndroidManifest.xml:59:9-64:35
203            android:name="androidx.work.impl.utils.ForceStopRunnable$BroadcastReceiver"
203-->[androidx.work:work-runtime:2.4.0] AndroidManifest.xml:60:13-88
204            android:directBootAware="false"
204-->[androidx.work:work-runtime:2.4.0] AndroidManifest.xml:61:13-44
205            android:enabled="true"
205-->[androidx.work:work-runtime:2.4.0] AndroidManifest.xml:62:13-35
206            android:exported="false" />
206-->[androidx.work:work-runtime:2.4.0] AndroidManifest.xml:63:13-37
207        <receiver
207-->[androidx.work:work-runtime:2.4.0] AndroidManifest.xml:65:9-75:20
208            android:name="androidx.work.impl.background.systemalarm.ConstraintProxy$BatteryChargingProxy"
208-->[androidx.work:work-runtime:2.4.0] AndroidManifest.xml:66:13-106
209            android:directBootAware="false"
209-->[androidx.work:work-runtime:2.4.0] AndroidManifest.xml:67:13-44
210            android:enabled="false"
210-->[androidx.work:work-runtime:2.4.0] AndroidManifest.xml:68:13-36
211            android:exported="false" >
211-->[androidx.work:work-runtime:2.4.0] AndroidManifest.xml:69:13-37
212            <intent-filter>
212-->[androidx.work:work-runtime:2.4.0] AndroidManifest.xml:71:13-74:29
213                <action android:name="android.intent.action.ACTION_POWER_CONNECTED" />
213-->[androidx.work:work-runtime:2.4.0] AndroidManifest.xml:72:17-87
213-->[androidx.work:work-runtime:2.4.0] AndroidManifest.xml:72:25-84
214                <action android:name="android.intent.action.ACTION_POWER_DISCONNECTED" />
214-->[androidx.work:work-runtime:2.4.0] AndroidManifest.xml:73:17-90
214-->[androidx.work:work-runtime:2.4.0] AndroidManifest.xml:73:25-87
215            </intent-filter>
216        </receiver>
217        <receiver
217-->[androidx.work:work-runtime:2.4.0] AndroidManifest.xml:76:9-86:20
218            android:name="androidx.work.impl.background.systemalarm.ConstraintProxy$BatteryNotLowProxy"
218-->[androidx.work:work-runtime:2.4.0] AndroidManifest.xml:77:13-104
219            android:directBootAware="false"
219-->[androidx.work:work-runtime:2.4.0] AndroidManifest.xml:78:13-44
220            android:enabled="false"
220-->[androidx.work:work-runtime:2.4.0] AndroidManifest.xml:79:13-36
221            android:exported="false" >
221-->[androidx.work:work-runtime:2.4.0] AndroidManifest.xml:80:13-37
222            <intent-filter>
222-->[androidx.work:work-runtime:2.4.0] AndroidManifest.xml:82:13-85:29
223                <action android:name="android.intent.action.BATTERY_OKAY" />
223-->[androidx.work:work-runtime:2.4.0] AndroidManifest.xml:83:17-77
223-->[androidx.work:work-runtime:2.4.0] AndroidManifest.xml:83:25-74
224                <action android:name="android.intent.action.BATTERY_LOW" />
224-->[androidx.work:work-runtime:2.4.0] AndroidManifest.xml:84:17-76
224-->[androidx.work:work-runtime:2.4.0] AndroidManifest.xml:84:25-73
225            </intent-filter>
226        </receiver>
227        <receiver
227-->[androidx.work:work-runtime:2.4.0] AndroidManifest.xml:87:9-97:20
228            android:name="androidx.work.impl.background.systemalarm.ConstraintProxy$StorageNotLowProxy"
228-->[androidx.work:work-runtime:2.4.0] AndroidManifest.xml:88:13-104
229            android:directBootAware="false"
229-->[androidx.work:work-runtime:2.4.0] AndroidManifest.xml:89:13-44
230            android:enabled="false"
230-->[androidx.work:work-runtime:2.4.0] AndroidManifest.xml:90:13-36
231            android:exported="false" >
231-->[androidx.work:work-runtime:2.4.0] AndroidManifest.xml:91:13-37
232            <intent-filter>
232-->[androidx.work:work-runtime:2.4.0] AndroidManifest.xml:93:13-96:29
233                <action android:name="android.intent.action.DEVICE_STORAGE_LOW" />
233-->[androidx.work:work-runtime:2.4.0] AndroidManifest.xml:94:17-83
233-->[androidx.work:work-runtime:2.4.0] AndroidManifest.xml:94:25-80
234                <action android:name="android.intent.action.DEVICE_STORAGE_OK" />
234-->[androidx.work:work-runtime:2.4.0] AndroidManifest.xml:95:17-82
234-->[androidx.work:work-runtime:2.4.0] AndroidManifest.xml:95:25-79
235            </intent-filter>
236        </receiver>
237        <receiver
237-->[androidx.work:work-runtime:2.4.0] AndroidManifest.xml:98:9-107:20
238            android:name="androidx.work.impl.background.systemalarm.ConstraintProxy$NetworkStateProxy"
238-->[androidx.work:work-runtime:2.4.0] AndroidManifest.xml:99:13-103
239            android:directBootAware="false"
239-->[androidx.work:work-runtime:2.4.0] AndroidManifest.xml:100:13-44
240            android:enabled="false"
240-->[androidx.work:work-runtime:2.4.0] AndroidManifest.xml:101:13-36
241            android:exported="false" >
241-->[androidx.work:work-runtime:2.4.0] AndroidManifest.xml:102:13-37
242            <intent-filter>
242-->[androidx.work:work-runtime:2.4.0] AndroidManifest.xml:104:13-106:29
243                <action android:name="android.net.conn.CONNECTIVITY_CHANGE" />
243-->[androidx.work:work-runtime:2.4.0] AndroidManifest.xml:105:17-79
243-->[androidx.work:work-runtime:2.4.0] AndroidManifest.xml:105:25-76
244            </intent-filter>
245        </receiver>
246        <receiver
246-->[androidx.work:work-runtime:2.4.0] AndroidManifest.xml:108:9-119:20
247            android:name="androidx.work.impl.background.systemalarm.RescheduleReceiver"
247-->[androidx.work:work-runtime:2.4.0] AndroidManifest.xml:109:13-88
248            android:directBootAware="false"
248-->[androidx.work:work-runtime:2.4.0] AndroidManifest.xml:110:13-44
249            android:enabled="false"
249-->[androidx.work:work-runtime:2.4.0] AndroidManifest.xml:111:13-36
250            android:exported="false" >
250-->[androidx.work:work-runtime:2.4.0] AndroidManifest.xml:112:13-37
251            <intent-filter>
251-->[androidx.work:work-runtime:2.4.0] AndroidManifest.xml:114:13-118:29
252                <action android:name="android.intent.action.BOOT_COMPLETED" />
252-->src\main\AndroidManifest.xml:73:17-79
252-->src\main\AndroidManifest.xml:73:25-76
253                <action android:name="android.intent.action.TIME_SET" />
253-->[androidx.work:work-runtime:2.4.0] AndroidManifest.xml:116:17-73
253-->[androidx.work:work-runtime:2.4.0] AndroidManifest.xml:116:25-70
254                <action android:name="android.intent.action.TIMEZONE_CHANGED" />
254-->[androidx.work:work-runtime:2.4.0] AndroidManifest.xml:117:17-81
254-->[androidx.work:work-runtime:2.4.0] AndroidManifest.xml:117:25-78
255            </intent-filter>
256        </receiver>
257        <receiver
257-->[androidx.work:work-runtime:2.4.0] AndroidManifest.xml:120:9-129:20
258            android:name="androidx.work.impl.background.systemalarm.ConstraintProxyUpdateReceiver"
258-->[androidx.work:work-runtime:2.4.0] AndroidManifest.xml:121:13-99
259            android:directBootAware="false"
259-->[androidx.work:work-runtime:2.4.0] AndroidManifest.xml:122:13-44
260            android:enabled="@bool/enable_system_alarm_service_default"
260-->[androidx.work:work-runtime:2.4.0] AndroidManifest.xml:123:13-72
261            android:exported="false" >
261-->[androidx.work:work-runtime:2.4.0] AndroidManifest.xml:124:13-37
262            <intent-filter>
262-->[androidx.work:work-runtime:2.4.0] AndroidManifest.xml:126:13-128:29
263                <action android:name="androidx.work.impl.background.systemalarm.UpdateProxies" />
263-->[androidx.work:work-runtime:2.4.0] AndroidManifest.xml:127:17-98
263-->[androidx.work:work-runtime:2.4.0] AndroidManifest.xml:127:25-95
264            </intent-filter>
265        </receiver>
266        <receiver
266-->[androidx.work:work-runtime:2.4.0] AndroidManifest.xml:130:9-140:20
267            android:name="androidx.work.impl.diagnostics.DiagnosticsReceiver"
267-->[androidx.work:work-runtime:2.4.0] AndroidManifest.xml:131:13-78
268            android:directBootAware="false"
268-->[androidx.work:work-runtime:2.4.0] AndroidManifest.xml:132:13-44
269            android:enabled="true"
269-->[androidx.work:work-runtime:2.4.0] AndroidManifest.xml:133:13-35
270            android:exported="true"
270-->[androidx.work:work-runtime:2.4.0] AndroidManifest.xml:134:13-36
271            android:permission="android.permission.DUMP" >
271-->[androidx.work:work-runtime:2.4.0] AndroidManifest.xml:135:13-57
272            <intent-filter>
272-->[androidx.work:work-runtime:2.4.0] AndroidManifest.xml:137:13-139:29
273                <action android:name="androidx.work.diagnostics.REQUEST_DIAGNOSTICS" />
273-->[androidx.work:work-runtime:2.4.0] AndroidManifest.xml:138:17-88
273-->[androidx.work:work-runtime:2.4.0] AndroidManifest.xml:138:25-85
274            </intent-filter>
275        </receiver>
276
277        <service android:name="io.flutter.plugins.firebasemessaging.FlutterFirebaseMessagingService" >
277-->[:firebase_messaging] AndroidManifest.xml:8:9-12:19
277-->[:firebase_messaging] AndroidManifest.xml:8:18-101
278            <intent-filter>
278-->[:firebase_messaging] AndroidManifest.xml:9:13-11:29
279                <action android:name="com.google.firebase.MESSAGING_EVENT" />
279-->[:firebase_messaging] AndroidManifest.xml:10:17-78
279-->[:firebase_messaging] AndroidManifest.xml:10:25-75
280            </intent-filter>
281        </service>
282        <service
282-->[:firebase_messaging] AndroidManifest.xml:13:9-17:19
283            android:name="com.google.firebase.components.ComponentDiscoveryService"
283-->[:firebase_messaging] AndroidManifest.xml:13:18-89
284            android:directBootAware="true"
284-->[com.google.firebase:firebase-common:19.3.0] AndroidManifest.xml:34:13-43
285            android:exported="false" >
285-->[com.google.firebase:firebase-messaging:20.2.4] AndroidManifest.xml:38:13-37
286            <meta-data
286-->[:firebase_messaging] AndroidManifest.xml:14:13-16:85
287                android:name="com.google.firebase.components:io.flutter.plugins.firebasemessaging.FlutterFirebaseAppRegistrar"
287-->[:firebase_messaging] AndroidManifest.xml:15:17-127
288                android:value="com.google.firebase.components.ComponentRegistrar" />
288-->[:firebase_messaging] AndroidManifest.xml:16:17-82
289            <meta-data
289-->[com.google.firebase:firebase-messaging:20.2.4] AndroidManifest.xml:39:13-41:85
290                android:name="com.google.firebase.components:com.google.firebase.messaging.FirebaseMessagingRegistrar"
290-->[com.google.firebase:firebase-messaging:20.2.4] AndroidManifest.xml:40:17-119
291                android:value="com.google.firebase.components.ComponentRegistrar" />
291-->[com.google.firebase:firebase-messaging:20.2.4] AndroidManifest.xml:41:17-82
292            <meta-data
292-->[:firebase_core] AndroidManifest.xml:9:13-11:85
293                android:name="com.google.firebase.components:io.flutter.plugins.firebase.core.FlutterFirebaseAppRegistrar"
293-->[:firebase_core] AndroidManifest.xml:10:17-123
294                android:value="com.google.firebase.components.ComponentRegistrar" />
294-->[:firebase_core] AndroidManifest.xml:11:17-82
295            <meta-data
295-->[com.google.android.gms:play-services-measurement-api:17.5.0] AndroidManifest.xml:30:13-32:85
296                android:name="com.google.firebase.components:com.google.firebase.analytics.connector.internal.AnalyticsConnectorRegistrar"
296-->[com.google.android.gms:play-services-measurement-api:17.5.0] AndroidManifest.xml:31:17-139